<?xml version="1.0" encoding="UTF-8"?>
<testng-results skipped="0" failed="1" ignored="0" total="7" passed="6">
  <reporter-output>
  </reporter-output>
  <suite name="Suite1" duration-ms="38282" started-at="2022-04-29T16:50:13 IST" finished-at="2022-04-29T16:50:51 IST">
    <groups>
    </groups>
    <test name="ChromeTest" duration-ms="38282" started-at="2022-04-29T16:50:13 IST" finished-at="2022-04-29T16:50:51 IST">
      <class name="com.sauceDemo.TestClasses.TC05FilterFunctionality">
        <test-method status="PASS" signature="Browserpoen(java.lang.String)[pri:0, instance:com.sauceDemo.TestClasses.TC05FilterFunctionality@60285225]" name="Browserpoen" is-config="true" duration-ms="20346" started-at="2022-04-29T16:50:13 IST" finished-at="2022-04-29T16:50:33 IST">
          <params>
            <param index="0">
              <value>
                <![CDATA[chrome]]>
              </value>
            </param>
          </params>
          <reporter-output>
          </reporter-output>
        </test-method> <!-- Browserpoen -->
        <test-method status="PASS" signature="SetUp()[pri:0, instance:com.sauceDemo.TestClasses.TC05FilterFunctionality@60285225]" name="SetUp" is-config="true" duration-ms="2536" started-at="2022-04-29T16:50:33 IST" finished-at="2022-04-29T16:50:36 IST">
          <reporter-output>
          </reporter-output>
        </test-method> <!-- SetUp -->
        <test-method status="PASS" signature="FilterFunctionality()[pri:0, instance:com.sauceDemo.TestClasses.TC05FilterFunctionality@60285225]" name="FilterFunctionality" duration-ms="1384" started-at="2022-04-29T16:50:36 IST" finished-at="2022-04-29T16:50:37 IST">
          <reporter-output>
          </reporter-output>
        </test-method> <!-- FilterFunctionality -->
        <test-method status="PASS" signature="TearDown()[pri:0, instance:com.sauceDemo.TestClasses.TC05FilterFunctionality@60285225]" name="TearDown" is-config="true" duration-ms="1358" started-at="2022-04-29T16:50:37 IST" finished-at="2022-04-29T16:50:39 IST">
          <reporter-output>
          </reporter-output>
        </test-method> <!-- TearDown -->
        <test-method status="PASS" signature="browserClose()[pri:0, instance:com.sauceDemo.TestClasses.TC05FilterFunctionality@60285225]" name="browserClose" is-config="true" duration-ms="573" started-at="2022-04-29T16:50:39 IST" finished-at="2022-04-29T16:50:39 IST">
          <reporter-output>
          </reporter-output>
        </test-method> <!-- browserClose -->
      </class> <!-- com.sauceDemo.TestClasses.TC05FilterFunctionality -->
      <class name="com.sauceDemo.TestClasses.TC03AddToCartSingleElement">
        <test-method status="PASS" signature="Browserpoen(java.lang.String)[pri:0, instance:com.sauceDemo.TestClasses.TC03AddToCartSingleElement@29b5cd00]" name="Browserpoen" is-config="true" duration-ms="8296" started-at="2022-04-29T16:50:39 IST" finished-at="2022-04-29T16:50:47 IST">
          <params>
            <param index="0">
              <value>
                <![CDATA[chrome]]>
              </value>
            </param>
          </params>
          <reporter-output>
          </reporter-output>
        </test-method> <!-- Browserpoen -->
        <test-method status="PASS" signature="SetUp()[pri:0, instance:com.sauceDemo.TestClasses.TC03AddToCartSingleElement@29b5cd00]" name="SetUp" is-config="true" duration-ms="519" started-at="2022-04-29T16:50:47 IST" finished-at="2022-04-29T16:50:48 IST">
          <reporter-output>
          </reporter-output>
        </test-method> <!-- SetUp -->
        <test-method status="FAIL" signature="AddToCartSingleElement()[pri:3, instance:com.sauceDemo.TestClasses.TC03AddToCartSingleElement@29b5cd00]" name="AddToCartSingleElement" duration-ms="189" started-at="2022-04-29T16:50:48 IST" finished-at="2022-04-29T16:50:48 IST">
          <exception class="java.lang.AssertionError">
            <message>
              <![CDATA[Fail to Add to cart product expected [REMOVE] but found [Open Menu]]]>
            </message>
            <full-stacktrace>
              <![CDATA[java.lang.AssertionError: Fail to Add to cart product expected [REMOVE] but found [Open Menu]
at org.testng.Assert.fail(Assert.java:99)
at org.testng.Assert.failNotEquals(Assert.java:1037)
at org.testng.Assert.assertEqualsImpl(Assert.java:140)
at org.testng.Assert.assertEquals(Assert.java:122)
at org.testng.Assert.assertEquals(Assert.java:629)
at com.sauceDemo.TestClasses.TC03AddToCartSingleElement.AddToCartSingleElement(TC03AddToCartSingleElement.java:30)
at sun.reflect.NativeMethodAccessorImpl.invoke0(Native Method)
at sun.reflect.NativeMethodAccessorImpl.invoke(Unknown Source)
at sun.reflect.DelegatingMethodAccessorImpl.invoke(Unknown Source)
at java.lang.reflect.Method.invoke(Unknown Source)
at org.testng.internal.MethodInvocationHelper.invokeMethod(MethodInvocationHelper.java:133)
at org.testng.internal.TestInvoker.invokeMethod(TestInvoker.java:598)
at org.testng.internal.TestInvoker.invokeTestMethod(TestInvoker.java:173)
at org.testng.internal.MethodRunner.runInSequence(MethodRunner.java:46)
at org.testng.internal.TestInvoker$MethodInvocationAgent.invoke(TestInvoker.java:824)
at org.testng.internal.TestInvoker.invokeTestMethods(TestInvoker.java:146)
at org.testng.internal.TestMethodWorker.invokeTestMethods(TestMethodWorker.java:146)
at org.testng.internal.TestMethodWorker.run(TestMethodWorker.java:128)
at java.util.concurrent.ThreadPoolExecutor.runWorker(Unknown Source)
at java.util.concurrent.ThreadPoolExecutor$Worker.run(Unknown Source)
at java.lang.Thread.run(Unknown Source)
]]>
            </full-stacktrace>
          </exception> <!-- java.lang.AssertionError -->
          <reporter-output>
          </reporter-output>
        </test-method> <!-- AddToCartSingleElement -->
        <test-method status="PASS" signature="TearDown()[pri:0, instance:com.sauceDemo.TestClasses.TC03AddToCartSingleElement@29b5cd00]" name="TearDown" is-config="true" duration-ms="736" started-at="2022-04-29T16:50:48 IST" finished-at="2022-04-29T16:50:49 IST">
          <reporter-output>
          </reporter-output>
        </test-method> <!-- TearDown -->
        <test-method status="PASS" signature="browserClose()[pri:0, instance:com.sauceDemo.TestClasses.TC03AddToCartSingleElement@29b5cd00]" name="browserClose" is-config="true" duration-ms="751" started-at="2022-04-29T16:50:49 IST" finished-at="2022-04-29T16:50:50 IST">
          <reporter-output>
          </reporter-output>
        </test-method> <!-- browserClose -->
      </class> <!-- com.sauceDemo.TestClasses.TC03AddToCartSingleElement -->
      <class name="com.sauceDemo.TestClasses.Tc04AddToCartMutipleElement">
        <test-method status="PASS" signature="Browserpoen(java.lang.String)[pri:0, instance:com.sauceDemo.TestClasses.Tc04AddToCartMutipleElement@7113b13f]" name="Browserpoen" is-config="true" duration-ms="9456" started-at="2022-04-29T16:50:39 IST" finished-at="2022-04-29T16:50:49 IST">
          <params>
            <param index="0">
              <value>
                <![CDATA[chrome]]>
              </value>
            </param>
          </params>
          <reporter-output>
          </reporter-output>
        </test-method> <!-- Browserpoen -->
        <test-method status="PASS" signature="SetUp()[pri:0, instance:com.sauceDemo.TestClasses.Tc04AddToCartMutipleElement@7113b13f]" name="SetUp" is-config="true" duration-ms="1059" started-at="2022-04-29T16:50:49 IST" finished-at="2022-04-29T16:50:50 IST">
          <reporter-output>
          </reporter-output>
        </test-method> <!-- SetUp -->
        <test-method status="PASS" signature="AddToCartMutipleElement()[pri:4, instance:com.sauceDemo.TestClasses.Tc04AddToCartMutipleElement@7113b13f]" name="AddToCartMutipleElement" duration-ms="338" started-at="2022-04-29T16:50:50 IST" finished-at="2022-04-29T16:50:50 IST">
          <reporter-output>
          </reporter-output>
        </test-method> <!-- AddToCartMutipleElement -->
        <test-method status="PASS" signature="TearDown()[pri:0, instance:com.sauceDemo.TestClasses.Tc04AddToCartMutipleElement@7113b13f]" name="TearDown" is-config="true" duration-ms="558" started-at="2022-04-29T16:50:50 IST" finished-at="2022-04-29T16:50:51 IST">
          <reporter-output>
          </reporter-output>
        </test-method> <!-- TearDown -->
        <test-method status="PASS" signature="browserClose()[pri:0, instance:com.sauceDemo.TestClasses.Tc04AddToCartMutipleElement@7113b13f]" name="browserClose" is-config="true" duration-ms="581" started-at="2022-04-29T16:50:51 IST" finished-at="2022-04-29T16:50:51 IST">
          <reporter-output>
          </reporter-output>
        </test-method> <!-- browserClose -->
      </class> <!-- com.sauceDemo.TestClasses.Tc04AddToCartMutipleElement -->
      <class name="com.sauceDemo.TestClasses.TC06CartContainerClick">
        <test-method status="PASS" signature="Browserpoen(java.lang.String)[pri:0, instance:com.sauceDemo.TestClasses.TC06CartContainerClick@e874448]" name="Browserpoen" is-config="true" duration-ms="20346" started-at="2022-04-29T16:50:13 IST" finished-at="2022-04-29T16:50:33 IST">
          <params>
            <param index="0">
              <value>
                <![CDATA[chrome]]>
              </value>
            </param>
          </params>
          <reporter-output>
          </reporter-output>
        </test-method> <!-- Browserpoen -->
        <test-method status="PASS" signature="SetUp()[pri:0, instance:com.sauceDemo.TestClasses.TC06CartContainerClick@e874448]" name="SetUp" is-config="true" duration-ms="2571" started-at="2022-04-29T16:50:33 IST" finished-at="2022-04-29T16:50:36 IST">
          <reporter-output>
          </reporter-output>
        </test-method> <!-- SetUp -->
        <test-method status="PASS" signature="CartContainerClick()[pri:0, instance:com.sauceDemo.TestClasses.TC06CartContainerClick@e874448]" name="CartContainerClick" duration-ms="1409" started-at="2022-04-29T16:50:36 IST" finished-at="2022-04-29T16:50:37 IST">
          <reporter-output>
          </reporter-output>
        </test-method> <!-- CartContainerClick -->
        <test-method status="PASS" signature="TearDown()[pri:0, instance:com.sauceDemo.TestClasses.TC06CartContainerClick@e874448]" name="TearDown" is-config="true" duration-ms="1303" started-at="2022-04-29T16:50:37 IST" finished-at="2022-04-29T16:50:39 IST">
          <reporter-output>
          </reporter-output>
        </test-method> <!-- TearDown -->
        <test-method status="PASS" signature="browserClose()[pri:0, instance:com.sauceDemo.TestClasses.TC06CartContainerClick@e874448]" name="browserClose" is-config="true" duration-ms="574" started-at="2022-04-29T16:50:39 IST" finished-at="2022-04-29T16:50:39 IST">
          <reporter-output>
          </reporter-output>
        </test-method> <!-- browserClose -->
      </class> <!-- com.sauceDemo.TestClasses.TC06CartContainerClick -->
      <class name="com.sauceDemo.TestClasses.TC07Checkout1Functionality">
        <test-method status="PASS" signature="Browserpoen(java.lang.String)[pri:0, instance:com.sauceDemo.TestClasses.TC07Checkout1Functionality@687080dc]" name="Browserpoen" is-config="true" duration-ms="20345" started-at="2022-04-29T16:50:13 IST" finished-at="2022-04-29T16:50:33 IST">
          <params>
            <param index="0">
              <value>
                <![CDATA[chrome]]>
              </value>
            </param>
          </params>
          <reporter-output>
          </reporter-output>
        </test-method> <!-- Browserpoen -->
        <test-method status="PASS" signature="SetUp()[pri:0, instance:com.sauceDemo.TestClasses.TC07Checkout1Functionality@687080dc]" name="SetUp" is-config="true" duration-ms="2541" started-at="2022-04-29T16:50:33 IST" finished-at="2022-04-29T16:50:36 IST">
          <reporter-output>
          </reporter-output>
        </test-method> <!-- SetUp -->
        <test-method status="PASS" signature="Checkout1Functionality()[pri:0, instance:com.sauceDemo.TestClasses.TC07Checkout1Functionality@687080dc]" name="Checkout1Functionality" duration-ms="1575" started-at="2022-04-29T16:50:36 IST" finished-at="2022-04-29T16:50:37 IST">
          <reporter-output>
          </reporter-output>
        </test-method> <!-- Checkout1Functionality -->
        <test-method status="PASS" signature="TearDown()[pri:0, instance:com.sauceDemo.TestClasses.TC07Checkout1Functionality@687080dc]" name="TearDown" is-config="true" duration-ms="1167" started-at="2022-04-29T16:50:37 IST" finished-at="2022-04-29T16:50:39 IST">
          <reporter-output>
          </reporter-output>
        </test-method> <!-- TearDown -->
        <test-method status="PASS" signature="browserClose()[pri:0, instance:com.sauceDemo.TestClasses.TC07Checkout1Functionality@687080dc]" name="browserClose" is-config="true" duration-ms="574" started-at="2022-04-29T16:50:39 IST" finished-at="2022-04-29T16:50:39 IST">
          <reporter-output>
          </reporter-output>
        </test-method> <!-- browserClose -->
      </class> <!-- com.sauceDemo.TestClasses.TC07Checkout1Functionality -->
      <class name="com.sauceDemo.TestClasses.Tc02SelectFunctionality">
        <test-method status="PASS" signature="Browserpoen(java.lang.String)[pri:0, instance:com.sauceDemo.TestClasses.Tc02SelectFunctionality@45820e51]" name="Browserpoen" is-config="true" duration-ms="8620" started-at="2022-04-29T16:50:39 IST" finished-at="2022-04-29T16:50:48 IST">
          <params>
            <param index="0">
              <value>
                <![CDATA[chrome]]>
              </value>
            </param>
          </params>
          <reporter-output>
          </reporter-output>
        </test-method> <!-- Browserpoen -->
        <test-method status="PASS" signature="SetUp()[pri:0, instance:com.sauceDemo.TestClasses.Tc02SelectFunctionality@45820e51]" name="SetUp" is-config="true" duration-ms="568" started-at="2022-04-29T16:50:48 IST" finished-at="2022-04-29T16:50:48 IST">
          <reporter-output>
          </reporter-output>
        </test-method> <!-- SetUp -->
        <test-method status="PASS" signature="SelectFunctionality()[pri:2, instance:com.sauceDemo.TestClasses.Tc02SelectFunctionality@45820e51]" name="SelectFunctionality" duration-ms="128" started-at="2022-04-29T16:50:48 IST" finished-at="2022-04-29T16:50:48 IST">
          <reporter-output>
          </reporter-output>
        </test-method> <!-- SelectFunctionality -->
        <test-method status="PASS" signature="TearDown()[pri:0, instance:com.sauceDemo.TestClasses.Tc02SelectFunctionality@45820e51]" name="TearDown" is-config="true" duration-ms="488" started-at="2022-04-29T16:50:48 IST" finished-at="2022-04-29T16:50:49 IST">
          <reporter-output>
          </reporter-output>
        </test-method> <!-- TearDown -->
        <test-method status="PASS" signature="browserClose()[pri:0, instance:com.sauceDemo.TestClasses.Tc02SelectFunctionality@45820e51]" name="browserClose" is-config="true" duration-ms="792" started-at="2022-04-29T16:50:49 IST" finished-at="2022-04-29T16:50:50 IST">
          <reporter-output>
          </reporter-output>
        </test-method> <!-- browserClose -->
      </class> <!-- com.sauceDemo.TestClasses.Tc02SelectFunctionality -->
      <class name="com.sauceDemo.TestClasses.TC01loginFunctionality">
        <test-method status="PASS" signature="Browserpoen(java.lang.String)[pri:0, instance:com.sauceDemo.TestClasses.TC01loginFunctionality@42d8062c]" name="Browserpoen" is-config="true" duration-ms="20347" started-at="2022-04-29T16:50:13 IST" finished-at="2022-04-29T16:50:33 IST">
          <params>
            <param index="0">
              <value>
                <![CDATA[chrome]]>
              </value>
            </param>
          </params>
          <reporter-output>
          </reporter-output>
        </test-method> <!-- Browserpoen -->
        <test-method status="PASS" signature="SetUp()[pri:0, instance:com.sauceDemo.TestClasses.TC01loginFunctionality@42d8062c]" name="SetUp" is-config="true" duration-ms="2522" started-at="2022-04-29T16:50:33 IST" finished-at="2022-04-29T16:50:36 IST">
          <reporter-output>
          </reporter-output>
        </test-method> <!-- SetUp -->
        <test-method status="PASS" signature="LogInFunctionality()[pri:1, instance:com.sauceDemo.TestClasses.TC01loginFunctionality@42d8062c]" name="LogInFunctionality" duration-ms="1564" started-at="2022-04-29T16:50:36 IST" finished-at="2022-04-29T16:50:37 IST">
          <reporter-output>
          </reporter-output>
        </test-method> <!-- LogInFunctionality -->
        <test-method status="PASS" signature="TearDown()[pri:0, instance:com.sauceDemo.TestClasses.TC01loginFunctionality@42d8062c]" name="TearDown" is-config="true" duration-ms="1195" started-at="2022-04-29T16:50:37 IST" finished-at="2022-04-29T16:50:39 IST">
          <reporter-output>
          </reporter-output>
        </test-method> <!-- TearDown -->
        <test-method status="PASS" signature="browserClose()[pri:0, instance:com.sauceDemo.TestClasses.TC01loginFunctionality@42d8062c]" name="browserClose" is-config="true" duration-ms="574" started-at="2022-04-29T16:50:39 IST" finished-at="2022-04-29T16:50:39 IST">
          <reporter-output>
          </reporter-output>
        </test-method> <!-- browserClose -->
      </class> <!-- com.sauceDemo.TestClasses.TC01loginFunctionality -->
    </test> <!-- ChromeTest -->
  </suite> <!-- Suite1 -->
</testng-results>
